This is pdfTeX, Version 3.14159265-2.6-1.40.21 (MiKTeX 21.1) (preloaded format=pdflatex 2021.2.1)  17 APR 2021 02:34
entering extended mode
**"d:/CSE 215 - Homework/CSE 215 - Homework 6/CSE 215 - Homework 6.tex"
("d:/CSE 215 - Homework/CSE 215 - Homework 6/CSE 215 - Homework 6.tex"
LaTeX2e <2020-10-01> patch level 4
L3 programming layer <2021-01-09> xparse <2020-03-03> ("D:\Program Files\MiKTeX\tex/latex/base\article.cls"
Document Class: article 2020/04/10 v1.4m Standard LaTeX document class
("D:\Program Files\MiKTeX\tex/latex/base\size12.clo"
File: size12.clo 2020/04/10 v1.4m Standard LaTeX file (size option)
)
\c@part=\count177
\c@section=\count178
\c@subsection=\count179
\c@subsubsection=\count180
\c@paragraph=\count181
\c@subparagraph=\count182
\c@figure=\count183
\c@table=\count184
\abovecaptionskip=\skip47
\belowcaptionskip=\skip48
\bibindent=\dimen138
) ("D:\Program Files\MiKTeX\tex/latex/enumitem\enumitem.sty"
Package: enumitem 2019/06/20 v3.9 Customized lists
\enitkv@toks@=\toks15
\labelindent=\skip49
\enit@outerparindent=\dimen139
\enit@toks=\toks16
\enit@inbox=\box47
\enit@count@id=\count185
\enitdp@description=\count186
) ("D:\Program Files\MiKTeX\tex/latex/amsfonts\amssymb.sty"
Package: amssymb 2013/01/14 v3.01 AMS font symbols
 ("D:\Program Files\MiKTeX\tex/latex/amsfonts\amsfonts.sty"
Package: amsfonts 2013/01/14 v3.01 Basic AMSFonts support
\@emptytoks=\toks17
\symAMSa=\mathgroup4
\symAMSb=\mathgroup5
LaTeX Font Info:    Redeclaring math symbol \hbar on input line 98.
LaTeX Font Info:    Overwriting math alphabet `\mathfrak' in version `bold'
(Font)                  U/euf/m/n --> U/euf/b/n on input line 106.
)) ("D:\Program Files\MiKTeX\tex/latex/jknappen\mathrsfs.sty"
Package: mathrsfs 1996/01/01 Math RSFS package v1.0 (jk)
\symrsfs=\mathgroup6
) ("D:\Program Files\MiKTeX\tex/latex/l3backend\l3backend-pdftex.def"
File: l3backend-pdftex.def 2020-01-29 L3 backend support: PDF output (pdfTeX)
\l__color_backend_stack_int=\count187
\l__pdf_internal_box=\box48
) ("d:/CSE 215 - Homework\CSE 215 - Homework 6\CSE 215 - Homework 6.aux")
\openout1 = `"CSE 215 - Homework 6.aux"'.

LaTeX Font Info:    Checking defaults for OML/cmm/m/it on input line 8.
LaTeX Font Info:    ... okay on input line 8.
LaTeX Font Info:    Checking defaults for OMS/cmsy/m/n on input line 8.
LaTeX Font Info:    ... okay on input line 8.
LaTeX Font Info:    Checking defaults for OT1/cmr/m/n on input line 8.
LaTeX Font Info:    ... okay on input line 8.
LaTeX Font Info:    Checking defaults for T1/cmr/m/n on input line 8.
LaTeX Font Info:    ... okay on input line 8.
LaTeX Font Info:    Checking defaults for TS1/cmr/m/n on input line 8.
LaTeX Font Info:    ... okay on input line 8.
LaTeX Font Info:    Checking defaults for OMX/cmex/m/n on input line 8.
LaTeX Font Info:    ... okay on input line 8.
LaTeX Font Info:    Checking defaults for U/cmr/m/n on input line 8.
LaTeX Font Info:    ... okay on input line 8.
LaTeX Font Info:    Trying to load font information for U+msa on input line 11.
 ("D:\Program Files\MiKTeX\tex/latex/amsfonts\umsa.fd"
File: umsa.fd 2013/01/14 v3.01 AMS symbols A
)
LaTeX Font Info:    Trying to load font information for U+msb on input line 11.
 ("D:\Program Files\MiKTeX\tex/latex/amsfonts\umsb.fd"
File: umsb.fd 2013/01/14 v3.01 AMS symbols B
)
LaTeX Font Info:    Trying to load font information for U+rsfs on input line 11.
 ("D:\Program Files\MiKTeX\tex/latex/jknappen\ursfs.fd"
File: ursfs.fd 1998/03/24 rsfs font definition file (jk)
)
Underfull \hbox (badness 10000) in paragraph at lines 16--26

 []


Underfull \hbox (badness 10000) in paragraph at lines 16--26

 []


Underfull \hbox (badness 10000) in paragraph at lines 16--26

 []


Underfull \hbox (badness 10000) in paragraph at lines 32--39

 []


Underfull \hbox (badness 10000) in paragraph at lines 32--39

 []

[1

{C:/Users/Vincent Zheng/AppData/Local/MiKTeX/pdftex/config/pdftex.map}]
Underfull \hbox (badness 10000) in paragraph at lines 47--56

 []


Underfull \hbox (badness 10000) in paragraph at lines 47--56

 []


Underfull \hbox (badness 10000) in paragraph at lines 62--80

 []


Underfull \hbox (badness 10000) in paragraph at lines 62--80

 []


Underfull \hbox (badness 10000) in paragraph at lines 82--118

 []


Underfull \hbox (badness 10000) in paragraph at lines 82--118

 []


Underfull \hbox (badness 10000) in paragraph at lines 82--118

 []


Underfull \hbox (badness 10000) in paragraph at lines 82--118

 []

[2]
Underfull \hbox (badness 10000) in paragraph at lines 124--142

 []


Underfull \hbox (badness 10000) in paragraph at lines 124--142

 []


Underfull \hbox (badness 10000) in paragraph at lines 124--142

 []


Underfull \hbox (badness 10000) in paragraph at lines 124--142

 []


Underfull \hbox (badness 10000) in paragraph at lines 124--142

 []


Underfull \hbox (badness 10000) in paragraph at lines 144--154

 []


Underfull \hbox (badness 10000) in paragraph at lines 144--154

 []


Underfull \hbox (badness 10000) in paragraph at lines 144--154

 []

[3]
Underfull \hbox (badness 10000) in paragraph at lines 173--187

 []


Underfull \hbox (badness 10000) in paragraph at lines 173--187

 []

[4]
Underfull \hbox (badness 10000) in paragraph at lines 190--204

 []


Underfull \hbox (badness 10000) in paragraph at lines 210--230

 []


Underfull \hbox (badness 10000) in paragraph at lines 210--230

 []


Underfull \hbox (badness 10000) in paragraph at lines 210--230

 []


Underfull \hbox (badness 10000) in paragraph at lines 210--230

 []


Underfull \hbox (badness 10000) in paragraph at lines 210--230

 []


Underfull \hbox (badness 10000) in paragraph at lines 210--230

 []


Underfull \hbox (badness 10000) in paragraph at lines 236--256

 []


Underfull \hbox (badness 10000) in paragraph at lines 236--256

 []


Underfull \hbox (badness 10000) in paragraph at lines 236--256

 []

[5] [6] ("d:/CSE 215 - Homework\CSE 215 - Homework 6\CSE 215 - Homework 6.aux") ) 
Here is how much of TeX's memory you used:
 1314 strings out of 479618
 19863 string characters out of 2874877
 296270 words of memory out of 3000000
 18524 multiletter control sequences out of 15000+200000
 412569 words of font info for 65 fonts, out of 3000000 for 9000
 1141 hyphenation exceptions out of 8191
 52i,8n,60p,216b,222s stack positions out of 5000i,500n,10000p,200000b,50000s
<D:/Program Files/MiKTeX/fonts/type1/public/amsfonts/cm/cmbx12.pfb><D:/Program Files/MiKTeX/fonts/type1/public/amsfonts/cm/cmmi12.pfb><D:/Program Files/MiKTeX/fonts/type1/public/amsfonts/cm/cmmi6.pfb><D:/Program Files/MiKTeX/fonts/type1/public/amsfonts/cm/cmmi8.pfb><D:/Program Files/MiKTeX/fonts/type1/public/amsfonts/cm/cmr12.pfb><D:/Program Files/MiKTeX/fonts/type1/public/amsfonts/cm/cmr17.pfb><D:/Program Files/MiKTeX/fonts/type1/public/amsfonts/cm/cmr6.pfb><D:/Program Files/MiKTeX/fonts/type1/public/amsfonts/cm/cmr8.pfb><D:/Program Files/MiKTeX/fonts/type1/public/amsfonts/cm/cmsy10.pfb><D:/Program Files/MiKTeX/fonts/type1/public/amsfonts/cm/cmsy6.pfb><D:/Program Files/MiKTeX/fonts/type1/public/amsfonts/cm/cmsy8.pfb><D:/Program Files/MiKTeX/fonts/type1/public/amsfonts/symbols/msam10.pfb><D:/Program Files/MiKTeX/fonts/type1/public/amsfonts/symbols/msbm10.pfb>
Output written on "d:/CSE 215 - Homework\CSE 215 - Homework 6\CSE 215 - Homework 6.pdf" (6 pages, 138766 bytes).
PDF statistics:
 73 PDF objects out of 1000 (max. 8388607)
 0 named destinations out of 1000 (max. 500000)
 1 words of extra memory for PDF output out of 10000 (max. 10000000)

